<?xml version="1.0" encoding="UTF-8"?>
<testng-results ignored="3" total="7" passed="4" failed="0" skipped="0">
  <reporter-output>
  </reporter-output>
  <suite started-at="2022-08-24T00:18:05 IST" name="Default suite" finished-at="2022-08-24T00:18:28 IST" duration-ms="23084">
    <groups>
    </groups>
    <test started-at="2022-08-24T00:18:05 IST" name="Default test" finished-at="2022-08-24T00:18:28 IST" duration-ms="23084">
      <class name="com.marketplace.testcases.AllProductTestcases">
        <test-method signature="postAddProduct()[pri:2, instance:com.marketplace.testcases.AllProductTestcases@4a7f959b]" started-at="2022-08-24T00:18:05 IST" name="postAddProduct" finished-at="2022-08-24T00:18:14 IST" duration-ms="8330" status="PASS">
          <reporter-output>
          </reporter-output>
        </test-method> <!-- postAddProduct -->
        <test-method signature="postAddProductColour()[pri:3, instance:com.marketplace.testcases.AllProductTestcases@4a7f959b]" started-at="2022-08-24T00:18:14 IST" name="postAddProductColour" finished-at="2022-08-24T00:18:20 IST" duration-ms="6668" status="PASS">
          <reporter-output>
          </reporter-output>
        </test-method> <!-- postAddProductColour -->
        <test-method signature="getProductDetails()[pri:5, instance:com.marketplace.testcases.AllProductTestcases@4a7f959b]" started-at="2022-08-24T00:18:20 IST" name="getProductDetails" finished-at="2022-08-24T00:18:23 IST" duration-ms="2651" status="PASS">
          <reporter-output>
          </reporter-output>
        </test-method> <!-- getProductDetails -->
        <test-method signature="getProductColourView()[pri:8, instance:com.marketplace.testcases.AllProductTestcases@4a7f959b]" started-at="2022-08-24T00:18:23 IST" name="getProductColourView" finished-at="2022-08-24T00:18:28 IST" duration-ms="5140" status="PASS">
          <reporter-output>
          </reporter-output>
        </test-method> <!-- getProductColourView -->
      </class> <!-- com.marketplace.testcases.AllProductTestcases -->
    </test> <!-- Default test -->
  </suite> <!-- Default suite -->
</testng-results>
